<?xml version="1.0" encoding="UTF-8"?>
<robot generator="Robot 4.1.3 (Python 3.10.0 on win32)" generated="20220216 10:09:19.396" rpa="false" schemaversion="2">
<suite id="s1" name="Test Script01" source="C:\Users\SONY\IdeaProjects\untitled\test_script01.txt">
<test id="s1-t1" name="SearchCase01">
<kw name="เปิดเว็บ google.com">
<kw name="Open Browser" library="Selenium2Library">
<arg>${url}</arg>
<arg>${browser}</arg>
<doc>Opens a new browser instance to the optional ``url``.</doc>
<msg timestamp="20220216 10:09:20.029" level="INFO">Opening browser 'chrome' to base url 'https://google.com/'.</msg>
<status status="PASS" starttime="20220216 10:09:20.028" endtime="20220216 10:09:25.138"/>
</kw>
<status status="PASS" starttime="20220216 10:09:20.027" endtime="20220216 10:09:25.138"/>
</kw>
<kw name="ค้นหาตาม keywords">
<arg>${search_wording}</arg>
<kw name="Input Text" library="Selenium2Library">
<arg>name=q</arg>
<arg>${input_result}</arg>
<doc>Types the given ``text`` into the text field identified by ``locator``.</doc>
<msg timestamp="20220216 10:09:25.141" level="INFO">Typing text 'java' into text field 'name=q'.</msg>
<status status="PASS" starttime="20220216 10:09:25.140" endtime="20220216 10:09:25.309"/>
</kw>
<kw name="Submit Form" library="Selenium2Library">
<doc>Submits a form identified by ``locator``.</doc>
<msg timestamp="20220216 10:09:25.309" level="INFO">Submitting form 'None'.</msg>
<status status="PASS" starttime="20220216 10:09:25.309" endtime="20220216 10:09:27.290"/>
</kw>
<status status="PASS" starttime="20220216 10:09:25.140" endtime="20220216 10:09:27.290"/>
</kw>
<kw name="รอผลลัพธ์">
<arg>${search_wording}</arg>
<kw name="Wait Until Page Contains" library="Selenium2Library">
<arg>${expected_result}</arg>
<doc>Waits until ``text`` appears on the current page.</doc>
<status status="PASS" starttime="20220216 10:09:27.292" endtime="20220216 10:09:27.322"/>
</kw>
<status status="PASS" starttime="20220216 10:09:27.291" endtime="20220216 10:09:27.322"/>
</kw>
<status status="PASS" starttime="20220216 10:09:20.026" endtime="20220216 10:09:27.323"/>
</test>
<status status="PASS" starttime="20220216 10:09:19.399" endtime="20220216 10:09:27.325"/>
</suite>
<statistics>
<total>
<stat pass="1" fail="0" skip="0">All Tests</stat>
</total>
<tag>
</tag>
<suite>
<stat pass="1" fail="0" skip="0" id="s1" name="Test Script01">Test Script01</stat>
</suite>
</statistics>
<errors>
</errors>
</robot>
